1501917307123	geckodriver	INFO	Listening on 127.0.0.1:55430
1501917309167	mozprofile::profile	INFO	Using profile path C:\Users\SUPERE~1\AppData\Local\Temp\rust_mozprofile.XbfukUxBZaXx
1501917309173	geckodriver::marionette	INFO	Starting browser C:\Program Files (x86)\Mozilla Firefox\firefox.exe with args []
1501917309186	geckodriver::marionette	INFO	Connecting to Marionette on localhost:55436
1501917310483	Marionette	INFO	Listening on port 55436
1501917311063	Marionette	WARN	TLS certificate errors will be ignored for this session
1501917425377	geckodriver	INFO	Listening on 127.0.0.1:55514
1501917427432	mozprofile::profile	INFO	Using profile path C:\Users\SUPERE~1\AppData\Local\Temp\rust_mozprofile.TnHXsXmmv66W
1501917427440	geckodriver::marionette	INFO	Starting browser C:\Program Files (x86)\Mozilla Firefox\firefox.exe with args []
1501917427453	geckodriver::marionette	INFO	Connecting to Marionette on localhost:55520
1501917428837	Marionette	INFO	Listening on port 55520
1501917429485	Marionette	WARN	TLS certificate errors will be ignored for this session
1501917459675	Marionette	INFO	New connections will no longer be accepted
[Child 1004] ###!!! ABORT: Aborting on channel error.: file c:/builds/moz2_slave/m-esr52-w32-000000000000000000/build/src/ipc/glue/MessageChannel.cpp, line 2152
1501919534536	geckodriver	INFO	Listening on 127.0.0.1:56122
1501919536575	mozprofile::profile	INFO	Using profile path C:\Users\SUPERE~1\AppData\Local\Temp\rust_mozprofile.VBHpAgROUhxv
1501919536580	geckodriver::marionette	INFO	Starting browser C:\Program Files (x86)\Mozilla Firefox\firefox.exe with args []
1501919536592	geckodriver::marionette	INFO	Connecting to Marionette on localhost:56129
1501919537850	Marionette	INFO	Listening on port 56129
1501919538406	Marionette	WARN	TLS certificate errors will be ignored for this session
1501919569719	Marionette	INFO	New connections will no longer be accepted
[Child 9400] WARNING: pipe error: 232: file c:/builds/moz2_slave/m-esr52-w32-000000000000000000/build/src/ipc/chromium/src/chrome/common/ipc_channel_win.cc, line 512
[Child 9400] ###!!! ABORT: Aborting on channel error.: file c:/builds/moz2_slave/m-esr52-w32-000000000000000000/build/src/ipc/glue/MessageChannel.cpp, line 2152

###!!! [Child][MessageChannel] Error: (msgtype=0xE20003,name=PTexture::Msg_Destroy) Channel error: cannot send/recv


###!!! [Child][MessageChannel] Error: (msgtype=0xE20003,name=PTexture::Msg_Destroy) Channel error: cannot send/recv


###!!! [Child][MessageChannel] Error: (msgtype=0xE20003,name=PTexture::Msg_Destroy) Channel error: cannot send/recv


###!!! [Child][MessageChannel] Error: (msgtype=0xE20003,name=PTexture::Msg_Destroy) Channel error: cannot send/recv


###!!! [Child][MessageChannel] Error: (msgtype=0x3E0003,name=PCompositable::Msg_Destroy) Channel error: cannot send/recv


###!!! [Child][MessageChannel] Error: (msgtype=0xE20003,name=PTexture::Msg_Destroy) Channel error: cannot send/recv


###!!! [Child][MessageChannel] Error: (msgtype=0xE20003,name=PTexture::Msg_Destroy) Channel error: cannot send/recv


###!!! [Child][MessageChannel] Error: (msgtype=0x3E0003,name=PCompositable::Msg_Destroy) Channel error: cannot send/recv


###!!! [Child][MessageChannel] Error: (msgtype=0xE20003,name=PTexture::Msg_Destroy) Channel error: cannot send/recv


###!!! [Child][MessageChannel] Error: (msgtype=0xE20003,name=PTexture::Msg_Destroy) Channel error: cannot send/recv


###!!! [Child][MessageChannel] Error: (msgtype=0x3E0003,name=PCompositable::Msg_Destroy) Channel error: cannot send/recv


###!!! [Child][MessageChannel] Error: (msgtype=0x3E0003,name=PCompositable::Msg_Destroy) Channel error: cannot send/recv


###!!! [Child][MessageChannel] Error: (msgtype=0x3E0003,name=PCompositable::Msg_Destroy) Channel error: cannot send/recv


###!!! [Child][MessageChannel] Error: (msgtype=0xE20003,name=PTexture::Msg_Destroy) Channel error: cannot send/recv


###!!! [Child][MessageChannel] Error: (msgtype=0xE20003,name=PTexture::Msg_Destroy) Channel error: cannot send/recv


###!!! [Child][MessageChannel] Error: (msgtype=0x3E0003,name=PCompositable::Msg_Destroy) Channel error: cannot send/recv


###!!! [Child][MessageChannel] Error: (msgtype=0xE20003,name=PTexture::Msg_Destroy) Channel error: cannot send/recv


###!!! [Child][MessageChannel] Error: (msgtype=0xE20003,name=PTexture::Msg_Destroy) Channel error: cannot send/recv


###!!! [Child][MessageChannel] Error: (msgtype=0x3E0003,name=PCompositable::Msg_Destroy) Channel error: cannot send/recv


###!!! [Child][MessageChannel] Error: (msgtype=0xE20003,name=PTexture::Msg_Destroy) Channel error: cannot send/recv


###!!! [Child][MessageChannel] Error: (msgtype=0xE20003,name=PTexture::Msg_Destroy) Channel error: cannot send/recv


###!!! [Child][MessageChannel] Error: (msgtype=0x3E0003,name=PCompositable::Msg_Destroy) Channel error: cannot send/recv

1501919628966	geckodriver	INFO	Listening on 127.0.0.1:56198
1501919631004	mozprofile::profile	INFO	Using profile path C:\Users\SUPERE~1\AppData\Local\Temp\rust_mozprofile.fPIPLuFHOwmJ
1501919631009	geckodriver::marionette	INFO	Starting browser C:\Program Files (x86)\Mozilla Firefox\firefox.exe with args []
1501919631021	geckodriver::marionette	INFO	Connecting to Marionette on localhost:56204
1501919632238	Marionette	INFO	Listening on port 56204
1501919632795	Marionette	WARN	TLS certificate errors will be ignored for this session
*************************
A coding exception was thrown and uncaught in a Task.

Full message: TypeError: NetworkError when attempting to fetch resource.
Full stack: 
*************************
JavaScript error: https://sp0.baidu.com/5a1Fazu8AA54nxGko9WTAnF6hhy/su?wd=re%20%E5%8C%B9%E9%85%8D%E4%B8%AD%E6%96%87&json=1&p=3&sid=1456_21085_22158&req=2&bs=re%20%E5%8C%B9%E9%85%8D%E7%AD%89%E5%8F%B7%E5%90%8E%E9%9D%A2&pbs=re%20%E5%8C%B9%E9%85%8D%E4%B8%AD%E6%96%87&csor=7&pwd=re%20%E5%8C%B9%E9%85%8D&cb=jQuery1102013330926803609855_1501919733587&_=1501919733604, line 1: TypeError: jQuery1102013330926803609855_1501919733587 is not a function
JavaScript error: http://static.blog.csdn.net/scripts/csdn_blog_detail.min.js, line 2: TypeError: t is null
JavaScript error: http://bdimg.share.baidu.com/static/api/js/trans/logger.js?v=d16ec0e3.js, line 1: TypeError: n.ajax.request is not a function
JavaScript warning: http://www.jb51.net/jslib/jquery/jquery.min.js, line 1: Using //@ to indicate sourceMappingURL pragmas is deprecated. Use //# instead
JavaScript warning: https://zhidao.baidu.com/question/1768076182775388620.html, line 1394: SyntaxError: 09 is not a legal ECMA-262 octal constant
JavaScript warning: https://pos.baidu.com/zcvm?mpdi=227509&rtbid=1972219&rdid=9223372032564532863&dc=2&di=968278&dri=0&dis=0&dai=0&ps=646x720&dcb=___adblockplus&dtm=HTML_POST&dvi=0.0&dci=-1&dpt=none&tsr=0&tpr=1501920909651&cop=zdclassid%3D1073%26zhidaoqid%3D1768076182775388620%26zdquery%3Dre%2520%25E5%258C%25B9%25E9%2585%258D%25E4%25B8%25AD%25E6%2596%2587&ti=%E6%AD%A3%E5%88%99%E5%8C%B9%E9%85%8D%E4%B8%AD%E6%96%87%E5%87%BA%E7%8E%B0%E7%9A%84%E9%97%AE%E9%A2%98%EF%BC%9F_%E7%99%BE%E5%BA%A6%E7%9F%A5%E9%81%93&ari=2&dbv=0&drs=3&pcs=941x913&pss=1000x2197&cfv=0&cpl=19&chi=1&cce=true&cec=gbk&tlm=1501920911&prot=2&rw=930&ltu=https%3A%2F%2Fzhidao.baidu.com%2Fquestion%2F1768076182775388620.html&ltr=https%3A%2F%2Fwww.baidu.com%2Flink%3Furl%3DXgRo7PRmOrLHNhCgT4yd78tS0JJUJsB8ZOYaVgqg-qsSAxjAsQxGSbUTTolK6TXevtZKJ--w9UrbQuzl1tlp7jkwsUn8MkEc3ksg73176ky%26wd%3D%26eqid%3Dcea3f0a1000077a30000000659857df4&ecd=1&uc=1920x1040&pis=-1x-1&sr=1920x1080&tcn=1501920911&qn=0819e3a268a92957&dpv=0819e3a268a92957&tt=1501920909437.1833.2133.2135, line 83: unreachable code after return statement
JavaScript warning: https://pos.baidu.com/zcvm?mpdi=227509&rtbid=1972219&rdid=9223372032564532863&dc=2&di=968278&dri=0&dis=0&dai=0&ps=646x720&dcb=___adblockplus&dtm=HTML_POST&dvi=0.0&dci=-1&dpt=none&tsr=0&tpr=1501920909651&cop=zdclassid%3D1073%26zhidaoqid%3D1768076182775388620%26zdquery%3Dre%2520%25E5%258C%25B9%25E9%2585%258D%25E4%25B8%25AD%25E6%2596%2587&ti=%E6%AD%A3%E5%88%99%E5%8C%B9%E9%85%8D%E4%B8%AD%E6%96%87%E5%87%BA%E7%8E%B0%E7%9A%84%E9%97%AE%E9%A2%98%EF%BC%9F_%E7%99%BE%E5%BA%A6%E7%9F%A5%E9%81%93&ari=2&dbv=0&drs=3&pcs=941x913&pss=1000x2197&cfv=0&cpl=19&chi=1&cce=true&cec=gbk&tlm=1501920911&prot=2&rw=930&ltu=https%3A%2F%2Fzhidao.baidu.com%2Fquestion%2F1768076182775388620.html&ltr=https%3A%2F%2Fwww.baidu.com%2Flink%3Furl%3DXgRo7PRmOrLHNhCgT4yd78tS0JJUJsB8ZOYaVgqg-qsSAxjAsQxGSbUTTolK6TXevtZKJ--w9UrbQuzl1tlp7jkwsUn8MkEc3ksg73176ky%26wd%3D%26eqid%3Dcea3f0a1000077a30000000659857df4&ecd=1&uc=1920x1040&pis=-1x-1&sr=1920x1080&tcn=1501920911&qn=0819e3a268a92957&dpv=0819e3a268a92957&tt=1501920909437.1833.2133.2135, line 83: unreachable code after return statement
1501921780669	geckodriver	INFO	Listening on 127.0.0.1:57135
1501921782731	mozprofile::profile	INFO	Using profile path C:\Users\SUPERE~1\AppData\Local\Temp\rust_mozprofile.piImCD3ts5Ak
1501921782736	geckodriver::marionette	INFO	Starting browser C:\Program Files (x86)\Mozilla Firefox\firefox.exe with args []
1501921782753	geckodriver::marionette	INFO	Connecting to Marionette on localhost:57142
1501921784241	Marionette	INFO	Listening on port 57142
1501921784788	Marionette	WARN	TLS certificate errors will be ignored for this session
1502080102037	geckodriver	INFO	Listening on 127.0.0.1:55868
1502080104076	mozprofile::profile	INFO	Using profile path C:\Users\SUPERE~1\AppData\Local\Temp\rust_mozprofile.dqcfJS85nRfq
1502080104080	geckodriver::marionette	INFO	Starting browser C:\Program Files (x86)\Mozilla Firefox\firefox.exe with args []
1502080104093	geckodriver::marionette	INFO	Connecting to Marionette on localhost:55874
1502080105138	Marionette	INFO	Listening on port 55874
1502080105705	Marionette	WARN	TLS certificate errors will be ignored for this session
1502080135231	Marionette	INFO	New connections will no longer be accepted
[Child 4456] ###!!! ABORT: Aborting on channel error.: file c:/builds/moz2_slave/m-esr52-w32-000000000000000000/build/src/ipc/glue/MessageChannel.cpp, line 2152
