[INFO  - 2017-08-07T04:36:33.442Z] GhostDriver - Main - running on port 56335
[INFO  - 2017-08-07T04:36:36.468Z] Session [ff4384a0-7b29-11e7-b7ab-e9b0b21b1620] - page.settings - {"XSSAuditingEnabled":false,"javascriptCanCloseWindows":true,"javascriptCanOpenWindows":true,"javascriptEnabled":true,"loadImages":true,"localToRemoteUrlAccessEnabled":false,"userAgent":"Mozilla/5.0 (Windows NT 10.0; WOW64; rv:52.0) Gecko/20100101 Firefox/52.0","webSecurityEnabled":true}
[INFO  - 2017-08-07T04:36:36.468Z] Session [ff4384a0-7b29-11e7-b7ab-e9b0b21b1620] - page.customHeaders:  - {}
[INFO  - 2017-08-07T04:36:36.468Z] Session [ff4384a0-7b29-11e7-b7ab-e9b0b21b1620] - Session.negotiatedCapabilities - {"browserName":"phantomjs","version":"2.1.1","driverName":"ghostdriver","driverVersion":"1.2.0","platform":"windows-10-32bit","javascriptEnabled":true,"takesScreenshot":true,"handlesAlerts":false,"databaseEnabled":false,"locationContextEnabled":false,"applicationCacheEnabled":false,"browserConnectionEnabled":false,"cssSelectorsEnabled":true,"webStorageEnabled":false,"rotatable":false,"acceptSslCerts":false,"nativeEvents":true,"proxy":{"proxyType":"direct"},"phantomjs.page.settings.userAgent":"Mozilla/5.0 (Windows NT 10.0; WOW64; rv:52.0) Gecko/20100101 Firefox/52.0"}
[INFO  - 2017-08-07T04:36:36.469Z] SessionManagerReqHand - _postNewSessionCommand - New Session Created: ff4384a0-7b29-11e7-b7ab-e9b0b21b1620
[ERROR - 2017-08-07T04:36:39.175Z] Session [ff4384a0-7b29-11e7-b7ab-e9b0b21b1620] - page.onError - msg: TypeError: undefined is not an object (evaluating 't.onewayDateList.banner')

  phantomjs://platform/console++.js:263 in error
[ERROR - 2017-08-07T04:36:39.176Z] Session [ff4384a0-7b29-11e7-b7ab-e9b0b21b1620] - page.onError - stack:
  (anonymous function) (https://q.qunarzz.com/flight_qzz/prd/inter_oneway@761c2c.js:18)
  n (https://q.qunarzz.com/flight_qzz/prd/inter_oneway@761c2c.js:18)
  (anonymous function) (https://q.qunarzz.com/flight_qzz/prd/lib@4d94a1.js:25)
  c (https://q.qunarzz.com/flight_qzz/prd/lib@4d94a1.js:16)
  (anonymous function) (https://q.qunarzz.com/flight_qzz/prd/inter_oneway@761c2c.js:18)
  (anonymous function) (https://q.qunarzz.com/flight_qzz/prd/inter_oneway@761c2c.js:18)
  (anonymous function) (https://q.qunarzz.com/flight_qzz/prd/inter_oneway@761c2c.js:29)
  (anonymous function) (https://q.qunarzz.com/flight_qzz/prd/inter_oneway@761c2c.js:18)
  (anonymous function) (https://q.qunarzz.com/flight_qzz/prd/inter_oneway@761c2c.js:18)
  dispatch (https://q.qunarzz.com/flight_qzz/prd/lib@4d94a1.js:25)
  success (https://q.qunarzz.com/flight_qzz/prd/inter_oneway@761c2c.js:15)
  (anonymous function) (https://q.qunarzz.com/flight_qzz/prd/inter_oneway@761c2c.js:6)

  phantomjs://platform/console++.js:263 in error
[ERROR - 2017-08-07T04:37:21.413Z] Session [ff4384a0-7b29-11e7-b7ab-e9b0b21b1620] - page.onError - msg: TypeError: undefined is not an object (evaluating 'e.params.reqDepDate')

  phantomjs://platform/console++.js:263 in error
[ERROR - 2017-08-07T04:37:21.413Z] Session [ff4384a0-7b29-11e7-b7ab-e9b0b21b1620] - page.onError - stack:
  (anonymous function) (https://q.qunarzz.com/flight_qzz/prd/inter_oneway@761c2c.js:18)
  (anonymous function) (https://q.qunarzz.com/flight_qzz/prd/inter_oneway@761c2c.js:18)
  n (https://q.qunarzz.com/flight_qzz/prd/inter_oneway@761c2c.js:18)
  (anonymous function) (https://q.qunarzz.com/flight_qzz/prd/lib@4d94a1.js:25)
  c (https://q.qunarzz.com/flight_qzz/prd/lib@4d94a1.js:16)
  (anonymous function) (https://q.qunarzz.com/flight_qzz/prd/inter_oneway@761c2c.js:18)
  (anonymous function) (https://q.qunarzz.com/flight_qzz/prd/inter_oneway@761c2c.js:18)
  (anonymous function) (https://q.qunarzz.com/flight_qzz/prd/inter_oneway@761c2c.js:29)
  (anonymous function) (https://q.qunarzz.com/flight_qzz/prd/inter_oneway@761c2c.js:18)
  (anonymous function) (https://q.qunarzz.com/flight_qzz/prd/inter_oneway@761c2c.js:18)
  dispatch (https://q.qunarzz.com/flight_qzz/prd/lib@4d94a1.js:25)
  success (https://q.qunarzz.com/flight_qzz/prd/inter_oneway@761c2c.js:15)
  (anonymous function) (https://q.qunarzz.com/flight_qzz/prd/inter_oneway@761c2c.js:6)

  phantomjs://platform/console++.js:263 in error
[ERROR - 2017-08-07T04:37:21.451Z] Session [ff4384a0-7b29-11e7-b7ab-e9b0b21b1620] - page.onError - msg: TypeError: undefined is not an object (evaluating 'e.params.reqDepDate')

  phantomjs://platform/console++.js:263 in error
[ERROR - 2017-08-07T04:37:21.451Z] Session [ff4384a0-7b29-11e7-b7ab-e9b0b21b1620] - page.onError - stack:
  (anonymous function) (https://q.qunarzz.com/flight_qzz/prd/inter_oneway@761c2c.js:18)
  (anonymous function) (https://q.qunarzz.com/flight_qzz/prd/inter_oneway@761c2c.js:18)
  n (https://q.qunarzz.com/flight_qzz/prd/inter_oneway@761c2c.js:18)
  (anonymous function) (https://q.qunarzz.com/flight_qzz/prd/lib@4d94a1.js:25)
  c (https://q.qunarzz.com/flight_qzz/prd/lib@4d94a1.js:16)
  (anonymous function) (https://q.qunarzz.com/flight_qzz/prd/inter_oneway@761c2c.js:18)
  (anonymous function) (https://q.qunarzz.com/flight_qzz/prd/inter_oneway@761c2c.js:18)
  (anonymous function) (https://q.qunarzz.com/flight_qzz/prd/inter_oneway@761c2c.js:29)
  (anonymous function) (https://q.qunarzz.com/flight_qzz/prd/inter_oneway@761c2c.js:18)
  (anonymous function) (https://q.qunarzz.com/flight_qzz/prd/inter_oneway@761c2c.js:18)
  dispatch (https://q.qunarzz.com/flight_qzz/prd/lib@4d94a1.js:25)
  success (https://q.qunarzz.com/flight_qzz/prd/inter_oneway@761c2c.js:15)
  (anonymous function) (https://q.qunarzz.com/flight_qzz/prd/inter_oneway@761c2c.js:6)

  phantomjs://platform/console++.js:263 in error
