[INFO  - 2017-07-25T03:45:52.901Z] GhostDriver - Main - running on port 60203
[INFO  - 2017-07-25T03:45:56.327Z] Session [c3d45ef0-70eb-11e7-a256-adf163b0e921] - page.settings - {"XSSAuditingEnabled":false,"javascriptCanCloseWindows":true,"javascriptCanOpenWindows":true,"javascriptEnabled":true,"loadImages":true,"localToRemoteUrlAccessEnabled":false,"userAgent":"Mozilla/5.0 (Windows NT 6.2; WOW64) AppleWebKit/538.1 (KHTML, like Gecko) PhantomJS/2.1.1 Safari/538.1","webSecurityEnabled":true}
[INFO  - 2017-07-25T03:45:56.327Z] Session [c3d45ef0-70eb-11e7-a256-adf163b0e921] - page.customHeaders:  - {}
[INFO  - 2017-07-25T03:45:56.327Z] Session [c3d45ef0-70eb-11e7-a256-adf163b0e921] - Session.negotiatedCapabilities - {"browserName":"phantomjs","version":"2.1.1","driverName":"ghostdriver","driverVersion":"1.2.0","platform":"windows-10-32bit","javascriptEnabled":true,"takesScreenshot":true,"handlesAlerts":false,"databaseEnabled":false,"locationContextEnabled":false,"applicationCacheEnabled":false,"browserConnectionEnabled":false,"cssSelectorsEnabled":true,"webStorageEnabled":false,"rotatable":false,"acceptSslCerts":false,"nativeEvents":true,"proxy":{"proxyType":"direct"}}
[INFO  - 2017-07-25T03:45:56.327Z] SessionManagerReqHand - _postNewSessionCommand - New Session Created: c3d45ef0-70eb-11e7-a256-adf163b0e921
[ERROR - 2017-07-25T03:46:00.089Z] Session [c3d45ef0-70eb-11e7-a256-adf163b0e921] - page.onError - msg: SyntaxError: Unexpected token ')'

  phantomjs://platform/console++.js:263 in error
[ERROR - 2017-07-25T03:46:00.090Z] Session [c3d45ef0-70eb-11e7-a256-adf163b0e921] - page.onError - stack:
  eval (http://www.jiayuan.com/usercp/?from=login:1332)
  (anonymous function) (http://www.jiayuan.com/usercp/?from=login:1332)
  b (http://images1.jyimg.com/w4/usercp/j/jquery-1.4.2.min.js:124)
  onreadystatechange (http://images1.jyimg.com/w4/usercp/j/jquery-1.4.2.min.js:129)
  openUrl (:0)
  open (phantomjs://platform/webpage.js:281)
  (anonymous function) (phantomjs://code/session_request_handler.js:495)
  _execFuncAndWaitForLoadDecorator (phantomjs://code/session.js:212)
  _postUrlCommand (phantomjs://code/session_request_handler.js:494)
  _handle (phantomjs://code/session_request_handler.js:91)
  _reroute (phantomjs://code/request_handler.js:61)
  _handle (phantomjs://code/router_request_handler.js:78)

  phantomjs://platform/console++.js:263 in error
